2023/02/23 13:45:15 - - - - - - - - - - - - - - -
2023/02/23 13:45:15 prometheusDaemon started
2023/02/23 15:32:23 - - - - - - - - - - - - - - -
2023/02/23 15:32:23 prometheusDaemon started
2023/02/23 15:32:47 ./subapp -n 2 -i 3s err: signal: terminated
2023/02/23 15:43:44 - - - - - - - - - - - - - - -
2023/02/23 15:43:44 prometheusDaemon started 2023-02-23 15:43:44.713057 +0800 CST m=+0.010014460
2023/02/23 15:44:16 ./subapp -n 2 -i 3s err: signal: terminated
2023/02/23 15:44:16 Cmd is exited: ./subapp -n 2 -i 3s, code: -1
2023/02/23 15:44:16 Restarting cmd: ./subapp -n 2 -i 3s
2023/02/23 16:16:41 - - - - - - - - - - - - - - -
2023/02/23 16:16:41 prometheusDaemon started 2023-02-23 16:16:41
2023/02/23 16:17:49 Catched a term sign, kill all child processes.
2023/02/23 16:23:01 - - - - - - - - - - - - - - -
2023/02/23 16:23:01 prometheusDaemon started 2023-02-23 16:23:01
2023/02/23 16:25:55 - - - - - - - - - - - - - - -
2023/02/23 16:25:55 prometheusDaemon started 2023-02-23 16:25:55
2023/02/23 16:26:10 Catched a term sign, kill all child processes.
2023/02/23 16:26:10 Catched a term sign, kill all child processes.
2023/02/23 16:26:10 Catched a term sign, kill all child processes.
2023/02/23 16:26:10 Catched a term sign, kill all child processes.
2023/02/23 16:26:10 ./subapp -n 2 -i 3s start err: signal: terminated
2023/02/23 16:26:10 ./subapp -n 1 -i 3s start err: signal: terminated
2023/02/23 16:26:10 Catched a term sign, kill all child processes.
2023/02/23 16:26:10 ./subapp -n 3 -i 3s start err: signal: terminated
2023/02/23 16:26:10 Cmd is exited:  ./subapp -n 2 -i 3s
2023/02/23 16:26:10 Exitcode:  -1
2023/02/23 16:26:10 Restarting cmd:  ./subapp -n 2 -i 3s
2023/02/23 16:26:10 Cmd is exited:  ./subapp -n 1 -i 3s
2023/02/23 16:26:10 Exitcode:  -1
2023/02/23 16:26:10 Restarting cmd:  ./subapp -n 1 -i 3s
2023/02/23 16:26:10 Cmd is exited:  ./subapp -n 3 -i 3s
2023/02/23 16:26:10 Exitcode:  -1
2023/02/23 16:26:10 Restarting cmd:  ./subapp -n 3 -i 3s
2023/02/23 16:27:20 Catched a term sign, kill all child processes.
2023/02/23 16:27:20 ./subapp -n 1 -i 3s start err: signal: terminated
2023/02/23 16:27:20 ./subapp -n 3 -i 3s start err: signal: terminated
2023/02/23 16:27:20 ./subapp -n 2 -i 3s start err: signal: terminated
2023/02/23 16:27:20 Catched a term sign, kill all child processes.
2023/02/23 16:27:20 Cmd is exited:  ./subapp -n 1 -i 3s
2023/02/23 16:27:20 Exitcode:  -1
2023/02/23 16:27:20 Restarting cmd:  ./subapp -n 1 -i 3s
2023/02/23 16:27:20 Cmd is exited:  ./subapp -n 3 -i 3s
2023/02/23 16:27:20 Exitcode:  -1
2023/02/23 16:27:20 Restarting cmd:  ./subapp -n 3 -i 3s
2023/02/23 16:27:20 Cmd is exited:  ./subapp -n 2 -i 3s
2023/02/23 16:27:20 Exitcode:  -1
2023/02/23 16:27:20 Restarting cmd:  ./subapp -n 2 -i 3s
2023/02/23 16:27:48 - - - - - - - - - - - - - - -
2023/02/23 16:27:48 prometheusDaemon started 2023-02-23 16:27:48
2023/02/23 16:28:13 Catched a term sign, kill all child processes.
